[2026-01-09T14:29:34.643009+00:00] gateway.INFO: Gateway: Forwarding request to /praticiens {"query":[]} []
[2026-01-09T14:29:40.144068+00:00] gateway.INFO: Gateway: Received response from API {"status":500} []
[2026-01-09T15:31:34.985241+00:00] gateway.INFO: Gateway: Forwarding request to /praticiens {"query":[]} []
[2026-01-09T15:31:37.331710+00:00] gateway.INFO: Gateway: Received response from API {"status":200} []
[2026-01-09T15:31:52.643137+00:00] gateway.INFO: Gateway: Forwarding request to /praticiens/4305f5e9-be5a-4ccf-8792-7e07d7017363 [] []
[2026-01-09T15:31:58.602893+00:00] gateway.INFO: Gateway: Received response from API {"status":200} []
[2026-01-09T15:36:26.363579+00:00] gateway.INFO: Gateway: Forwarding request to /praticiens/4305f5e9-be5a-4ccf-8792-7e07d7017363 [] []
[2026-01-09T15:36:33.994452+00:00] gateway.INFO: Gateway: Received response from API {"status":200} []
[2026-01-09T15:36:40.194364+00:00] gateway.INFO: Gateway: Forwarding request to /praticiens/4305f5e9-be5a-4ccf-8792-7e07d7017363 [] []
[2026-01-09T15:36:42.840238+00:00] gateway.INFO: Gateway: Received response from API {"status":200} []
[2026-01-09T15:36:48.220857+00:00] gateway.INFO: Gateway: Forwarding request to /praticiens/4305f5e9-be5a-4ccf-8792-7e07d7017363 [] []
[2026-01-09T15:36:51.088831+00:00] gateway.INFO: Gateway: Received response from API {"status":200} []
[2026-01-09T15:37:07.783753+00:00] gateway.INFO: Gateway: Forwarding request to /praticiens {"query":[]} []
[2026-01-09T15:37:10.780009+00:00] gateway.INFO: Gateway: Received response from API {"status":200} []
[2026-01-09T18:09:29.161983+00:00] gateway.INFO: Gateway: Forwarding request to /praticiens/4305f5e9-be5a-4ccf-8792-7e07d7017375 [] []
[2026-01-09T18:09:42.228268+00:00] gateway.ERROR: Gateway: Unexpected error {"error":"Server error: `GET http://api.toubilib/praticiens/4305f5e9-be5a-4ccf-8792-7e07d7017375` resulted in a `500 Internal Server Error` response:\n{\n    \"message\": \"Slim Application Error\",\n    \"exception\": [\n        {\n            \"type\": \"PDOException\",\n             (truncated...)\n"} []
[2026-01-09T18:13:19.358945+00:00] gateway.INFO: Gateway: Forwarding request to /praticiens/00000000-0000-0000-0000-000000000000 [] []
[2026-01-09T18:13:29.915552+00:00] gateway.ERROR: Gateway: Unexpected error {"error":"Server error: `GET http://api.toubilib/praticiens/00000000-0000-0000-0000-000000000000` resulted in a `500 Internal Server Error` response:\n{\n    \"message\": \"Slim Application Error\",\n    \"exception\": [\n        {\n            \"type\": \"PDOException\",\n             (truncated...)\n"} []
[2026-01-09T18:15:45.234600+00:00] gateway.INFO: Gateway: Forwarding request to /praticiens/4305f5e9-be5a-4ccf-8792-7e07d7017375 [] []
[2026-01-09T18:15:57.804775+00:00] gateway.ERROR: Gateway: API Server error {"status":500,"message":"Server error: `GET http://api.toubilib/praticiens/4305f5e9-be5a-4ccf-8792-7e07d7017375` resulted in a `500 Internal Server Error` response:\n{\n    \"message\": \"Slim Application Error\",\n    \"exception\": [\n        {\n            \"type\": \"PDOException\",\n             (truncated...)\n"} []
[2026-01-09T18:16:11.270120+00:00] gateway.INFO: Gateway: Forwarding request to /praticiens/uhiho [] []
[2026-01-09T18:16:17.981210+00:00] gateway.ERROR: Gateway: API Server error {"status":500,"message":"Server error: `GET http://api.toubilib/praticiens/uhiho` resulted in a `500 Internal Server Error` response:\n{\n    \"message\": \"Slim Application Error\",\n    \"exception\": [\n        {\n            \"type\": \"PDOException\",\n             (truncated...)\n"} []
[2026-01-09T18:34:27.472032+00:00] gateway.INFO: Gateway: Forwarding request to /praticiens/identifiant-bidon [] []
[2026-01-09T18:34:36.382596+00:00] gateway.ERROR: Gateway: API Client error {"status":404,"message":"Client error: `GET http://api.toubilib/praticiens/identifiant-bidon` resulted in a `404 Not Found` response:\n{\"status\":\"error\",\"message\":\"Praticien non trouv\\u00e9\"}\n"} []
[2026-01-09T18:35:34.054258+00:00] gateway.INFO: Gateway: Forwarding request to /praticiens {"query":[]} []
[2026-01-09T18:35:35.085475+00:00] gateway.ERROR: Gateway: Connection error {"error":"cURL error 7: Failed to connect to api.toubilib port 80 after 2 ms: Could not connect to server (see https://curl.haxx.se/libcurl/c/libcurl-errors.html) for http://api.toubilib/praticiens"} []
[2026-01-09T18:35:49.817077+00:00] gateway.INFO: Gateway: Forwarding request to /praticiens/4305f5e9-be5a-4ccf-8792-7e07d7017400 [] []
[2026-01-09T18:35:50.180158+00:00] gateway.ERROR: Gateway: Connection error {"error":"cURL error 7: Failed to connect to api.toubilib port 80 after 2 ms: Could not connect to server (see https://curl.haxx.se/libcurl/c/libcurl-errors.html) for http://api.toubilib/praticiens/4305f5e9-be5a-4ccf-8792-7e07d7017400"} []
[2026-01-10T14:15:55.378595+00:00] gateway.INFO: Gateway: Forwarding request to /praticiens/4305f5e9-be5a-4ccf-8792-7e07d7017364 [] []
[2026-01-10T14:16:13.264385+00:00] gateway.ERROR: Gateway: API Client error {"status":404,"message":"Client error: `GET http://api.toubilib/praticiens/4305f5e9-be5a-4ccf-8792-7e07d7017364` resulted in a `404 Not Found` response:\n{\"status\":\"error\",\"message\":\"Praticien non trouv\\u00e9\"}\n"} []
